<?xml version="1.0" encoding="UTF-8"?>
<!-- Generated by org.testng.reporters.JUnitReportReporter -->
<testsuite skipped="0" hostname="ACLA036P2850" name="RestAssuredTest.Test_GET" tests="1" failures="0" timestamp="2020-04-26T15:58:01 IST" time="4.160" errors="0">
  <testcase name="test_1" time="4.160" classname="RestAssuredTest.Test_GET"/>
  <system-out/>
</testsuite> <!-- RestAssuredTest.Test_GET -->
